d:\visualstudio_workspace\mfcc_voice_recogition\mfcc_voice_recogition\x64\debug\vc141.pdb
d:\visualstudio_workspace\mfcc_voice_recogition\mfcc_voice_recogition\x64\debug\vc141.idb
d:\visualstudio_workspace\mfcc_voice_recogition\mfcc_voice_recogition\x64\debug\utils.obj
d:\visualstudio_workspace\mfcc_voice_recogition\mfcc_voice_recogition\x64\debug\svm.obj
d:\visualstudio_workspace\mfcc_voice_recogition\mfcc_voice_recogition\x64\debug\record.obj
d:\visualstudio_workspace\mfcc_voice_recogition\mfcc_voice_recogition\x64\debug\mfcc.obj
d:\visualstudio_workspace\mfcc_voice_recogition\mfcc_voice_recogition\x64\debug\main.obj
d:\visualstudio_workspace\mfcc_voice_recogition\mfcc_voice_recogition\x64\debug\gemm.obj
d:\visualstudio_workspace\mfcc_voice_recogition\mfcc_voice_recogition\x64\debug\svm2.obj
d:\visualstudio_workspace\mfcc_voice_recogition\x64\debug\mfcc_voice_recogition.exe
d:\visualstudio_workspace\mfcc_voice_recogition\x64\debug\mfcc_voice_recogition.ilk
c:\users\admin\appdata\local\temp\lnk{87323b9f-6c14-4c14-8326-e48c9d9c087b}.tmp
c:\users\admin\appdata\local\microsoft\visualstudio\15.0\vctoolstelemetry.dat
d:\visualstudio_workspace\mfcc_voice_recogition\mfcc_voice_recogition\x64\debug\vcpkg.applocal.log
d:\visualstudio_workspace\mfcc_voice_recogition\x64\debug\mfcc_voice_recogition.pdb
d:\visualstudio_workspace\mfcc_voice_recogition\mfcc_voice_recogition\x64\debug\mfcc_voi.27a68508.tlog\cl.command.1.tlog
d:\visualstudio_workspace\mfcc_voice_recogition\mfcc_voice_recogition\x64\debug\mfcc_voi.27a68508.tlog\cl.read.1.tlog
d:\visualstudio_workspace\mfcc_voice_recogition\mfcc_voice_recogition\x64\debug\mfcc_voi.27a68508.tlog\cl.write.1.tlog
d:\visualstudio_workspace\mfcc_voice_recogition\mfcc_voice_recogition\x64\debug\mfcc_voi.27a68508.tlog\link.command.1.tlog
d:\visualstudio_workspace\mfcc_voice_recogition\mfcc_voice_recogition\x64\debug\mfcc_voi.27a68508.tlog\link.read.1.tlog
d:\visualstudio_workspace\mfcc_voice_recogition\mfcc_voice_recogition\x64\debug\mfcc_voi.27a68508.tlog\link.write.1.tlog
d:\visualstudio_workspace\mfcc_voice_recogition\mfcc_voice_recogition\x64\debug\mfcc_voi.27a68508.tlog\mfcc_voice_recogition.write.1u.tlog
